#
# A fatal error has been detected by the Java Runtime Environment:
#
#  Internal Error (javaClasses.cpp:136), pid=1608, tid=360
#  fatal error: Invalid layout of preloaded class
#
# JRE version:  (7.0_45-b18) (build )
# Java VM: Java HotSpot(TM) Client VM (24.45-b08 mixed mode windows-x86 )
# Failed to write core dump. Minidumps are not enabled by default on client versions of Windows
#
# If you would like to submit a bug report, please visit:
#   http://bugreport.sun.com/bugreport/crash.jsp
#

---------------  T H R E A D  ---------------

Current thread (0x01e1c000):  JavaThread "Unknown thread" [_thread_in_vm, id=360, stack(0x00320000,0x00370000)]

Stack: [0x00320000,0x00370000],  sp=0x0036f490,  free space=317k
Native frames: (J=compiled Java code, j=interpreted, Vv=VM code, C=native code)
V  [jvm.dll+0x18df51]
V  [jvm.dll+0x187cc6]
V  [jvm.dll+0x3586a]
V  [jvm.dll+0x358f6]
V  [jvm.dll+0x4400d]
V  [jvm.dll+0x442be]
V  [jvm.dll+0x9263a]
V  [jvm.dll+0x929eb]
V  [jvm.dll+0x13daf1]
V  [jvm.dll+0x1605fc]
V  [jvm.dll+0xc8ebf]
C  [javaw.exe+0x13ce]
C  [javaw.exe+0x1e40]
C  [javaw.exe+0xa5b1]
C  [javaw.exe+0xa63b]
C  [KERNEL32.DLL+0x1495d]
C  [ntdll.dll+0x498ee]
C  [ntdll.dll+0x498c4]


---------------  P R O C E S S  ---------------

Java Threads: ( => current thread )

Other Threads:

=>0x01e1c000 (exited) JavaThread "Unknown thread" [_thread_in_vm, id=360, stack(0x00320000,0x00370000)]

VM state:not at safepoint (not fully initialized)

VM Mutex/Monitor currently owned by a thread: None

GC Heap History (0 events):
No events

Deoptimization events (0 events):
No events

Internal exceptions (0 events):
No events

Events (10 events):
Event: 0.826 loading class 0x01c7b200 done
Event: 0.827 loading class 0x01c7ac90 done
Event: 0.827 loading class 0x01c7ac70
Event: 0.827 loading class 0x01c81f98
Event: 0.827 loading class 0x01c81f98 done
Event: 0.827 loading class 0x01c81fc8
Event: 0.827 loading class 0x01c81fc8 done
Event: 0.827 loading class 0x01c81ff8
Event: 0.827 loading class 0x01c81ff8 done
Event: 0.828 loading class 0x01c7ac70 done


Dynamic libraries:
0x002b0000 - 0x002df000 	C:\Program Files (x86)\Java\jre7\bin\javaw.exe
0x77680000 - 0x777e8000 	C:\WINDOWS\SYSTEM32\ntdll.dll
0x76800000 - 0x76940000 	C:\WINDOWS\SYSTEM32\KERNEL32.DLL
0x77100000 - 0x771cf000 	C:\WINDOWS\SYSTEM32\KERNELBASE.dll
0x6a530000 - 0x6a5ca000 	C:\WINDOWS\system32\apphelp.dll
0x62c30000 - 0x62e82000 	C:\WINDOWS\AppPatch\AcGenral.DLL
0x77390000 - 0x7744e000 	C:\WINDOWS\SYSTEM32\msvcrt.dll
0x76d20000 - 0x76d5e000 	C:\WINDOWS\SYSTEM32\sechost.dll
0x750b0000 - 0x750cd000 	C:\WINDOWS\SYSTEM32\SspiCli.dll
0x76a20000 - 0x76a61000 	C:\WINDOWS\SYSTEM32\SHLWAPI.dll
0x71390000 - 0x7146c000 	C:\WINDOWS\SYSTEM32\UxTheme.dll
0x766b0000 - 0x76800000 	C:\WINDOWS\SYSTEM32\USER32.dll
0x77450000 - 0x77558000 	C:\WINDOWS\SYSTEM32\GDI32.dll
0x6a110000 - 0x6a130000 	C:\WINDOWS\SYSTEM32\WINMM.dll
0x68390000 - 0x683a2000 	C:\WINDOWS\SYSTEM32\samcli.dll
0x76ff0000 - 0x770fb000 	C:\WINDOWS\SYSTEM32\ole32.dll
0x76620000 - 0x766a7000 	C:\WINDOWS\SYSTEM32\OLEAUT32.dll
0x657c0000 - 0x657d5000 	C:\WINDOWS\SYSTEM32\MSACM32.dll
0x74120000 - 0x74128000 	C:\WINDOWS\SYSTEM32\VERSION.dll
0x75150000 - 0x762f3000 	C:\WINDOWS\SYSTEM32\SHELL32.dll
0x73b20000 - 0x73b39000 	C:\WINDOWS\SYSTEM32\USERENV.dll
0x73ad0000 - 0x73ae9000 	C:\WINDOWS\SYSTEM32\dwmapi.dll
0x74290000 - 0x743b1000 	C:\WINDOWS\SYSTEM32\urlmon.dll
0x76c50000 - 0x76cc7000 	C:\WINDOWS\SYSTEM32\ADVAPI32.dll
0x69f20000 - 0x69f7e000 	C:\WINDOWS\SYSTEM32\WINSPOOL.DRV
0x73af0000 - 0x73b04000 	C:\WINDOWS\SYSTEM32\MPR.dll
0x76380000 - 0x76431000 	C:\WINDOWS\SYSTEM32\RPCRT4.dll
0x750a0000 - 0x750a9000 	C:\WINDOWS\SYSTEM32\CRYPTBASE.dll
0x76440000 - 0x7658e000 	C:\WINDOWS\SYSTEM32\combase.dll
0x6a0f0000 - 0x6a110000 	C:\WINDOWS\SYSTEM32\WINMMBASE.dll
0x745a0000 - 0x745ae000 	C:\WINDOWS\SYSTEM32\profapi.dll
0x74850000 - 0x74a65000 	C:\WINDOWS\SYSTEM32\iertutil.dll
0x74aa0000 - 0x74c64000 	C:\WINDOWS\SYSTEM32\WININET.dll
0x75040000 - 0x75091000 	C:\WINDOWS\SYSTEM32\bcryptPrimitives.dll
0x77560000 - 0x7759a000 	C:\WINDOWS\SYSTEM32\cfgmgr32.dll
0x73ea0000 - 0x73ebf000 	C:\WINDOWS\SYSTEM32\DEVOBJ.dll
0x745b0000 - 0x74627000 	C:\WINDOWS\SYSTEM32\SHCORE.DLL
0x76350000 - 0x76375000 	C:\WINDOWS\system32\IMM32.DLL
0x76d60000 - 0x76e57000 	C:\WINDOWS\SYSTEM32\MSCTF.dll
0x71470000 - 0x71655000 	C:\WINDOWS\WinSxS\x86_microsoft.windows.common-controls_6595b64144ccf1df_6.0.9600.16384_none_a9f4965301334e09\COMCTL32.dll
0x65700000 - 0x657bf000 	C:\Program Files (x86)\Java\jre7\bin\msvcr100.dll
0x6a130000 - 0x6a4b0000 	C:\Program Files (x86)\Java\jre7\bin\client\jvm.dll
0x73c50000 - 0x73c58000 	C:\WINDOWS\SYSTEM32\WSOCK32.dll
0x771d0000 - 0x771d6000 	C:\WINDOWS\SYSTEM32\PSAPI.DLL
0x76940000 - 0x7698d000 	C:\WINDOWS\SYSTEM32\WS2_32.dll
0x76e60000 - 0x76e67000 	C:\WINDOWS\SYSTEM32\NSI.dll
0x6a0e0000 - 0x6a0ec000 	C:\Program Files (x86)\Java\jre7\bin\verify.dll
0x6a0c0000 - 0x6a0e0000 	C:\Program Files (x86)\Java\jre7\bin\java.dll
0x656d0000 - 0x656fa000 	C:\Program Files (x86)\Java\jre7\bin\jdwp.dll
0x67780000 - 0x67787000 	C:\Program Files (x86)\Java\jre7\bin\npt.dll
0x6a0a0000 - 0x6a0b3000 	C:\Program Files (x86)\Java\jre7\bin\zip.dll
0x74700000 - 0x74848000 	C:\WINDOWS\SYSTEM32\dbghelp.dll

VM Arguments:
jvm_args: -agentlib:jdwp=transport=dt_socket,suspend=y,address=localhost:49705 -Dfile.encoding=Cp1252 -Xbootclasspath:C:\Program Files (x86)\Android\android-sdk\platforms\android-16\android.jar 
java_command: com.semaps.test_json
Launcher Type: SUN_STANDARD

Environment Variables:
PATH=C:/Program Files (x86)/Java/jre7/bin/client;C:/Program Files (x86)/Java/jre7/bin;C:/Program Files (x86)/Java/jre7/lib/i386;C:\Python33\;C:\Program Files (x86)\Java\jdk1.7.0_25\bin\;C:\Python27;C:\WINDOWS\system32;C:\WINDOWS;C:\WINDOWS\System32\Wbem;C:\WINDOWS\System32\WindowsPowerShell\v1.0\;C:\Program Files\doxygen\bin;C:\Program Files (x86)\Java\jre7\bin\client;C:\Program Files\R\R-3.0.0\bin\x64;C:\Program Files (x86)\Windows Kits\8.0\Windows Performance Toolkit\;C:\Program Files\Microsoft SQL Server\110\Tools\Binn\;C:\Program Files (x86)\WiX Toolset v3.7\bin\;C:\Program Files (x86)\Inno Setup 5\;C:\Program Files (x86)\Java\jdk1.7.0_25\jre\lib;C:\Program Files\TortoiseGit\bin;C:\Program Files (x86)\Bitvise SSH Client;C:\Program Files\TortoiseSVN\bin;C:\Program Files\nodejs\;c:\Program Files (x86)\Android\android-sdk\platform-tools\;C:\Program Files\Mercurial;C:\Users\Dima\AppData\Roaming\npm;C:\Users\Dima\Desktop\eclipse;
USERNAME=Dima
OS=Windows_NT
PROCESSOR_IDENTIFIER=Intel64 Family 6 Model 37 Stepping 2, GenuineIntel



---------------  S Y S T E M  ---------------

OS: Windows 8 , 64 bit Build 9200 

CPU:total 1 (1 cores per cpu, 1 threads per core) family 6 model 37 stepping 2, cmov, cx8, fxsr, mmx, sse, sse2, sse3, ssse3, sse4.1, sse4.2, popcnt, aes, tsc, tscinvbit

Memory: 4k page, physical 1588724k(228388k free), swap 2637300k(508420k free)

vm_info: Java HotSpot(TM) Client VM (24.45-b08) for windows-x86 JRE (1.7.0_45-b18), built on Oct  8 2013 06:02:43 by "java_re" with unknown MS VC++:1600

time: Fri Nov 01 16:06:00 2013
elapsed time: 0 seconds

